<?xml version="1.0" encoding="UTF-8"?>
<testsuite xmlns:xsi="http://www.w3.org/2001/XMLSchema-instance" xsi:noNamespaceSchemaLocation="https://maven.apache.org/surefire/maven-surefire-plugin/xsd/surefire-test-report.xsd" name="runner.TestRunner" time="54.018" tests="7" errors="0" skipped="0" failures="0">
  <properties>
[...]
</properties>
  <testcase name="Verify the status code and Response time of DATA API response." classname="Validation of SBDB Close-Approach Data API." time="13.455"/>
  <testcase name="Verify the Signature &amp; Source of DATA API response." classname="Validation of SBDB Close-Approach Data API." time="3.64"/>
  <testcase name="Verify the number of asteroids approached to earth between Minimum date &amp; Maximum date. #1" classname="Validation of SBDB Close-Approach Data API." time="5.997"/>
  <testcase name="Verify the number of asteroids approached to earth between Minimum date &amp; Maximum date. #2" classname="Validation of SBDB Close-Approach Data API." time="7.142"/>
  <testcase name="Verify when query is too restrictive &gt; Count should be come as 0." classname="Validation of SBDB Close-Approach Data API." time="0.052"/>
  <testcase name="Verify the orbit Id of asteroid primary designation 433 in year 1900." classname="Validation of SBDB Close-Approach Data API." time="2.015"/>
  <testcase name="Verify the output when user pass wrong value in data field." classname="Validation of SBDB Close-Approach Data API." time="1.944"/>
</testsuite>